<?xml version="1.0" encoding="utf-8"?>
<coverage line-rate="1" branch-rate="1" version="1.9" timestamp="1757239620" lines-covered="21" lines-valid="21" branches-covered="8" branches-valid="8">
  <sources>
    <source>D:\</source>
  </sources>
  <packages>
    <package name="TestFizzBuzz" line-rate="1" branch-rate="1" complexity="10">
      <classes>
        <class name="TestFizzBuzz.FizzBuzzExtensions" filename="source\TestFizzBuzz\TestFizzBuzz\FizzBuzzExtensions.cs" line-rate="1" branch-rate="1" complexity="10">
          <methods>
            <method name="FizzBuzz" signature="(System.Collections.Generic.IEnumerable`1&lt;T&gt;,System.Predicate`1&lt;T&gt;,System.Predicate`1&lt;T&gt;)" line-rate="1" branch-rate="1" complexity="1">
              <lines>
                <line number="22" hits="24" branch="False" />
                <line number="23" hits="2040" branch="False" />
                <line number="24" hits="24" branch="False" />
              </lines>
            </method>
            <method name="FizzBuzz" signature="(System.Collections.Generic.IEnumerable`1&lt;System.Int32&gt;)" line-rate="1" branch-rate="1" complexity="1">
              <lines>
                <line number="32" hits="11" branch="False" />
                <line number="33" hits="2630" branch="False" />
                <line number="34" hits="11" branch="False" />
              </lines>
            </method>
            <method name="FizzBuzzElem" signature="(T,System.Predicate`1&lt;T&gt;,System.Predicate`1&lt;T&gt;)" line-rate="1" branch-rate="1" complexity="8">
              <lines>
                <line number="45" hits="2016" branch="False" />
                <line number="46" hits="2016" branch="True" condition-coverage="100% (4/4)">
                  <conditions>
                    <condition number="8" type="jump" coverage="100%" />
                    <condition number="25" type="jump" coverage="100%" />
                  </conditions>
                </line>
                <line number="47" hits="1333" branch="False" />
                <line number="48" hits="1333" branch="False" />
                <line number="50" hits="683" branch="False" />
                <line number="51" hits="683" branch="True" condition-coverage="100% (2/2)">
                  <conditions>
                    <condition number="73" type="jump" coverage="100%" />
                  </conditions>
                </line>
                <line number="52" hits="449" branch="False" />
                <line number="53" hits="449" branch="False" />
                <line number="54" hits="449" branch="False" />
                <line number="55" hits="683" branch="True" condition-coverage="100% (2/2)">
                  <conditions>
                    <condition number="100" type="jump" coverage="100%" />
                  </conditions>
                </line>
                <line number="56" hits="309" branch="False" />
                <line number="57" hits="309" branch="False" />
                <line number="58" hits="309" branch="False" />
                <line number="59" hits="683" branch="False" />
                <line number="60" hits="2016" branch="False" />
              </lines>
            </method>
          </methods>
          <lines>
            <line number="22" hits="24" branch="False" />
            <line number="23" hits="2040" branch="False" />
            <line number="24" hits="24" branch="False" />
            <line number="32" hits="11" branch="False" />
            <line number="33" hits="2630" branch="False" />
            <line number="34" hits="11" branch="False" />
            <line number="45" hits="2016" branch="False" />
            <line number="46" hits="2016" branch="True" condition-coverage="100% (4/4)">
              <conditions>
                <condition number="8" type="jump" coverage="100%" />
                <condition number="25" type="jump" coverage="100%" />
              </conditions>
            </line>
            <line number="47" hits="1333" branch="False" />
            <line number="48" hits="1333" branch="False" />
            <line number="50" hits="683" branch="False" />
            <line number="51" hits="683" branch="True" condition-coverage="100% (2/2)">
              <conditions>
                <condition number="73" type="jump" coverage="100%" />
              </conditions>
            </line>
            <line number="52" hits="449" branch="False" />
            <line number="53" hits="449" branch="False" />
            <line number="54" hits="449" branch="False" />
            <line number="55" hits="683" branch="True" condition-coverage="100% (2/2)">
              <conditions>
                <condition number="100" type="jump" coverage="100%" />
              </conditions>
            </line>
            <line number="56" hits="309" branch="False" />
            <line number="57" hits="309" branch="False" />
            <line number="58" hits="309" branch="False" />
            <line number="59" hits="683" branch="False" />
            <line number="60" hits="2016" branch="False" />
          </lines>
        </class>
      </classes>
    </package>
  </packages>
</coverage>